1631196759104:help
1631196766370:sign-in
1631196772008:sign-in a a
1631196995206:sign-in asd asd
1631604777000:help
1631604804681:sign-in osman
1631604951050:help
1631604955243:sign osman
1631606664850:sign osman,
1631610654415:publish asd
1631610660218:subs
1631610665404:subs asd
1631610668203:subs
1631610672511:publish asdasd
1631610828810:publish asd
1631616260794:login rah
1631617552253:rah
1631617555888:login rah
1631624278722:login rasadsa
1631624316746:publish asd
1631624324029:subs
1631624334495:publish ananın amına cakayhım
1631624339843:publish anasınısıkym
1631625490239:login rah
1631625549615:login anan
1631625573650:loginm rah
1631625575896:login rah
1631778765100:publish asd
1631778769097:subs
1631977042991:help
1631977361594:signup rah rah
1631994525169:signup rah rah ROLE_ADMIN
1631994574188:rah rah ROLE_ADMIN
1631994588240:signup rah rah ROLE_ADMIN
1631994764176:signup rg rg ROLE_USER
1631994944956:signup 1 1 ROLE_ADMIN
1631994969151:signup deneme deneme ROLE_USER
1631995043032:signup deneme1 deneme1 ROLE_USER
1631995269509:signup rah rah role-user
1631995302513:signup null null null
1631995471885:signup
1631995531133:signup null null null
1631995684015:curl
1631995761266:signup deneme deneme ROLE_USER
1631996056564:signup asd asd ROLE_USER
1631996345479:signup rah rah ROLE_ADMIN
1631996559192:signup asdasd asdasd ROLE_USER
1631996569924:signup asdasasasd asdasd ROLE_USER
1631997260293:publish asd
1631997270298:subs
1631997387970:signup 123 123 ROLE_USER
1631997434112:signup 1 1 ROLE_USER
1631997472826:signup asdasda asdasdsa ROLE_USER
1631997490668:signup kjulsdakjlsda jkasdjknldsa ROLE_USER
1631997926243:signin rah rah
1631998236532:sign in rah rah
1631998240957:signin rah rah
1631998247806:signin asdasd asdassa
1631998253873:signin 8732183 saısa
1631998315770:signin asdasasd asddsasad
1631998357087:signin rah rah
1631998419038:sign
1631998430830:signin rah rahsasdasad
1631998499623:signin saddsasa asdsdasda
1631998506473:signin sauıhosdaıuhsdaıu jasdjksad
1631998526087:signin rah rah
1631998536606:signin sadsadasd asddsadsa
1631998542168:signin 21321
1631998548807:signin asd ads
1631998555611:signin rah rah
1631998619931:signin rasdsa asdsdasda
1631998871061:signin rah rah
1631998917480:stacktrace
1631998961196:signin rah rah
1632000009236:rah rah
1632000013268:signin rah rah
1632000018181:signin sadsasd asdsdasda
1632000057017:signin rah rah
1632000070879:signin sadasd asdsdaas
1632000091259:signin asd asd
1632000345501:signin rah rah
1632051821671:publish asdasd
1632052640934:subs
1632052654459:publish fromide
1632053267653:publish asdf
1632053441935:signin rah rah
1632053449683:signin sadas sadsad
1632055575703:publish asd
1632055796140:publish asdsad
1632055898656:publish asodşsda
1632060561875:signin rah rah
1632060604457:signin
1632060607986:signin rah rah
1632060867010:help
1632060952783:signup newUser newpass ROLE_USER
1632060957992:signin rah rah
1632061118134:publis asdasd
1632061122511:publish asdasd
1632061183752:publish oc
1632061497954:subs
1632062357468:publish asd
1632062362589:subs
1632062362593:sa
1632062365752:subs
1632062603152:publish asd
1632062608236:subs
1632063332094:publish asd
1632063701930:subs
1632063706235:publish asd
1632063807819:publish asdsda
1632063873791:publish asd
1632064194972:publish sadsad
1632064253856:publish asd
1632064333616:publish asdsa
1632064335716:subs
1632064530715:publish asdasd
1632064956844:publish asd
1632065313127:sadas
1632065317532:publish asdasd
1632120553058:publish qwewq
1632120559143:sasa
1632120566426:publish asdasd
1632120579083:exit
1632120694806:signin rg rg
1632120702930:publish asdasd
1632120804384:exit
1632120905546:signin rah rah
1632120952701:signin rah rahg
1632120957377:signin rah rah
1632120990683:signin rg rg
1632121598358:publish asd
1632121625492:stac
1632121628870:stacktrace
1632121796572:publish asd
1632122695093:publish asdasda
1632125701386:publish asd
1632125846567:subs
1632125851680:publish asdasd
1632125911812:publish adsasd
1632126128296:publish dasjkjkhsda
1632126165411:publish sasad
1632126205537:publish asdsad
1632126211415:asdsad
1632126528105:publish asddsa
1632126713934:publish asdsda
1632126891347:publish asddasd
1632127053686:publish asdasd
1632127406696:publish asdksad
1632127412443:publish asdjkldsa,
1632127754673:publish dksajkjasd
1632127924784:publish asddas
1632127937574:publish naber
1632128010884:publish kjdsadsapıuojasdpoıujas
1632128021853:publish sad
1632128027429:puplish kajsdjldsa
1632128036251:publishü
1632128041357:publish s
1632128044597:publish
1632128046242:publish 2121
1632128049661:publish 231213
1632128052476:publish 212132
1632132541248:publish asd
1632132549419:publish publish asd
1632132550482:publish asd
1632132551532:publish asdpublish asd
1632132552199:publish asd
1632132553571:publish asdpublish asd
1632132554209:publish asd
1632132628708:publish saddsa
1632132649162:publish saddsaqwweqwqe
1632132716767:publish saddsa
1632133127074:subs
1632139273593:help
1632139368889:signin rah rah
1632139373864:signin sadas sadasd
1632139549876:publish asd
1632140466448:signin rah rah
1632140728142:stacktrace
1632140793664:signin rah rah
1632140905691:signin rg rg
1632141022252:signin rah rah
1632141088750:signin rg rg
1632142821288:help
1632143179647:exit
1632143449388:signin rah rah
1632147797166:help
1632147841855:signin rah rah
1632147846209:stacktrace
1632147907400:help
1632147997758:signin rg rg
1632148011961:stacktrace
1632148044232:signin rah rah
1632148526097:stacktrace
1632148628943:signin rah rah
1632206588354:signin rg rg
1632206631551:signin rah rah
1632209193427:publish asd
1632209199639:publish asd q
1632210006110:signin rah rah
1632210042242:stacktrace
1632210123866:signin rah rah
1632210132082:stacktrace
1632210159906:signin rah rahg
1632210163260:signin rah rah
1632212312833:signin rah rag
1632212316796:signin rah rah
1632212768386:shellModel
1632212771846:signin rg rh
1632212778464:signin rg rg
1632212935824:signin rah rah
1632220084038:signin rah rahg
1632220090032:signin rah rah
1632220095210:stacktrace
1632220194853:signin rah rah
1632221153729:signin rah arah
1632221158118:signin rah rah
1632221162990:stacktrace
1632221173030:help
1632225974250:pub pub
1632225988538:stacktrace
1632226063452:pub sadklşdsal
1632226073561:stacktrace
1632226176484:pub klhdsakjldsa
1632226249262:pub naber lan top
1632226256458:pub nabertop
1632226427204:pub oc
1632226759571:pub ibne
1632232328941:pub saknjdskjnlas
1632233103305:jhkgyk
1632307514536:help
1632307531317:pub selamlar
1632307581380:pub naber top
1632307587467:pub nabertt
1632307600928:pub a
1632307602544:pub apub a
1632307603821:pub a
1632308040485:pub apub a
1632308041147:pub a
1632309456265:publish asdasd
1632309459004:pub kslkjdsa
1632309490999:pub klaas
1632309652541:pub sdaasd
1632309679724:pub asdasd
1632309831836:pub klassa
1632309849886:pub a
1632310098123:pub oc
1632310314555:pub a
1632310316123:rabbitmq>
1632310321418:pub a
1632318635237:pub kjhasdkjdsa
1632390617076:pub as
1632390622748:pub sasasaas
1632391025117:pub slddsa
1632391124977:pub 1232132123
1632391851827:pub asdsad
1632391954320:pub asdsadsa
1632391992822:pub asdsadsda
1632392300134:pub xdxd
1632394394479:give dnmshel
1632394861119:signin rah rah
1632394864977:help
1632394878563:queue shell,
1632394882427:queue shell
1632395142706:signin rah rahg
1632395146125:signin rah arh
1632395148845:signin rah rah
1632395162453:exch asdasdasd
1632395169604:queue asdasdasd
1632395173696:bind
1632395220729:exch shell
1632395225140:queue shell
1632395227803:bind
1632395261508:signin rah rah
1632395263186:bind
1632395364512:signin rah rah
1632395369377:exch 1
1632395371402:queue 1
1632395373322:bind
1632395447677:pub asdasdasd
1632395804871:pub asda
1632395810549:stacktrace
1632395825859:pub asd
1632401135756:publish asd
1632401188786:subs
1632401351949:publish asda
1632401371928:signin rah rah
1632401688346:exch asd
1632401753320:queue asd
1632401758867:signin rah rah
1632401760839:bind
1632401780749:publish asd
1632401785160:subs
1632402607384:publish asd
1632402608971:subs
1632402855080:publish asd
1632402875792:queue asd
1632402878935:publish asd
1632402967917:subs
1632403104722:publish asd
1632403455970:exch ss
1632403457982:queue ss
1632403462380:bind
1632403465774:signin rah rah
1632403467453:bind
1632403475569:pub asd ss
1632403484021:subs
1632403636458:pub asdad 211
1632403700564:pub asd asd
1632404559544:signin rg rg
1632404562895:exch asd
1632404566113:queue asd
1632404569812:bind
1632404584183:pub asd qwe
1632404999952:exch asd
1632405006210:help
1632405012273:queue asd
1632405101185:exch asd
1632405276900:stacktrace
1632405351621:exch asd
1632405673105:signin rah rah
1632405675548:exch asd
1632407770791:pub asd
1632408137538:queue shell
1632408141554:pub naber
1632408248429:pub asd
1632408254509:queue shell
1632408264378:pub asd
1632408269838:exch shell
1632408272378:pub asd
1632408808474:signin rg rg
1632408814636:exch shell
1632408817083:queue shell
1632408818756:bind
1632408822965:pub asdasd
1632409219986:signin rg rg
1632409247540:exch shell
1632409250278:queue shell
1632409253526:bind
1632409258781:pub asd
1632409275555:pub asdsadsa
1632409280317:exch asd
1632409284437:pub asd
1632409287470:queue asd
1632409291389:pub asd
1632409293205:bind
1632409297308:pub asd
1632409369977:signin rg rg
1632409374605:exch asd
1632409376461:queue asd
1632409378420:bind
1632409380324:pub asd
1632409424871:pub asdsda
1632409441902:signin rah rah
1632409445157:bind
1632409449773:pub asd
1632409456636:pub asdsdasad
1632409458864:pub asdsdadsa
1632409741124:exch asd
1632409743448:queue asd
1632409748762:signin rah rah
1632409752514:bind
1632409756956:pub asd
1632409921835:exch asd
1632409927299:queue asd
1632409931304:stacktrace
1632410004165:signin rah rah
1632410007679:bind
1632410015264:stacktrace
1632410232917:exch asd
1632410397736:bind
1632410403712:signin rah rah
1632410405708:bind
1632410414680:pub jklasdkljsad
1632410418977:queue asd
1632410423078:bind
1632410426036:pub lksdlsa
1632410531732:exch asd
1632410537432:stacktrace
1632410648150:exch asd
1632411200242:queue asd
1632411203684:signin rah rah
1632411205082:bind
1632411261236:pub asddsa
1632411276882:pub 21321213
1632411349685:clear
1632411405533:exch asd
1632411407492:queue asd
1632411411275:signin rg rg
1632411412533:bind
1632411416733:pub asdsa
1632411471226:exch asd
1632411476409:signin rah rah
1632411478317:queue asd
1632411479715:bind
1632411484686:pub asdsa
1632411487395:pub askdjkjdsa
1632411576179:pub lkjdsalkdsa
1632411578127:pub kjlhsdajkhldsa
1632411579620:pub lkjsdajkldsa
1632411627556:pub kljdsajkhdsa
1632411939314:signin rah rah
1632411942020:exch asd
1632411943716:queue asd
1632411945811:bind
1632411948371:pub asd
1632411958712:queue 1231
1632411962854:pub asdsa
1632411968948:bind
1632411975353:pub şlskdajşlkdsa
1632412183160:exch asd
1632412187637:queue asd
1632412190779:signin rg rg
1632412192549:bind
1632412195480:pub asd
1632412212382:sub
1632412216310:help
1632412219277:subs
1632412260697:pub lkjdsajklhdsa
1632412262230:subs
1632412362609:signin rg rg
1632412367969:queue asd
1632412372992:exch asd
1632412375493:bind
1632412384114:pub lkjdsa
1632416271044:signin rah rah
1632416274224:exch asd
1632416276331:queue asd
1632416278265:bind
1632416285874:pub asdsa
1632416469111:pub asd
1632417175133:exch asd
1632417177592:queue asd
1632417179561:bind
1632417190728:signin rah rah
1632417231022:pub sadsa
1632417752926:pub jkjk
1632417976445:pub asdasd
1632418003661:exch asd
1632418006202:queue asd
1632418008654:bind
1632418011529:signin rah rah
1632418014347:bind
1632418024712:pub asd
1632418750553:pub aposıds
1632418845083:pub asd
1632418849297:exch asd
1632418852834:queue asd
1632418859477:bind
1632418880342:signin rah rah
1632418885772:bind
1632418893262:pub asd
1632419237356:signin rg rg
1632419240215:exch asd
1632419242649:ueue asd
1632419244688:queue asd
1632419247750:bind
1632419252066:pub asd
1632419317095:queue rabbitmqchat.Q.dev.MessageSubscriber.Message
1632419320761:bind
1632419323185:pub saasd
1632419329222:pub sakjdkjdsa
1632419331641:pub kjlhsdajhklsda
1632419343590:pub lkjsadkjldsasda
1632419345229:pub kljdsajkhldsa
1632419347849:pub lkjdsajklhdsa,
1632420162578:pub asd
1632420350442:subs
1632420352256:help
1632420367295:pub asd
1632420525824:signin rah rah
1632420528176:exch asd
1632420530623:bind
1632420533336:pub asd
1632420711180:exch asd
1632420714433:signin rah rah
1632420722537:bind
1632420725867:pub asd
1632420744033:queue asd
1632420745424:bind
1632420749729:pub asd
1632420805180:signin rah rah
1632420807593:exch asd
1632420810295:bind
1632420812811:pub asd
1632420829126:pub jkhlsdajhkldsajklhdsajkhds
1632420836845:pub lkjhsdajkhldsajklhdsa
1632420852073:queue asd
1632420853837:bind
1632420856857:pub kljhdsajdkhlsa
1632420867282:pub kjhsdds
1632420880233:pub asd
1632420883199:pub asdasd
1632421028981:pub asd
1632421041145:bind
1632421046145:signin rah rah
1632421048394:bind
1632421052750:exch asd
1632421054316:bind
1632421057476:pub asd
1632421193513:signin rg rg
1632421196081:exch asd
1632421197561:queue asd
1632421198905:bind
1632421200945:pub asd
1632421207464:bind
1632421208895:asd
1632421212108:pub kjhldsajklhdsa
1632421214210:pub kjıhsjdkd
1632421240068:pub asd
1632421248705:signin rg rg
1632421252779:exch asd
1632421255075:bind
1632421257541:pub asd
1632421279900:queue asd
1632421283963:bind asd
1632421294927:pub asd
1632421320584:queue asd
1632421324494:exch asd
1632421327129:signin rah rah
1632421329837:bind
1632421332052:pub asd
1632421371524:queue 70915ab6-f2d7-4cbf-ae20-f2005c6a0bff
1632421389860:queue 70915ab6-f2d7-4cbf-ae20-f2005c6a0bff"\nqueue "
1632421400779:queue "70915ab6-f2d7-4cbf-ae20-f2005c6a0bff"
1632421484577:exch asd
1632421489671:signin rah rah
1632421492443:bind
1632421494796:pub asd
1632421520859:queue asd
1632421525980:bind
1632421528414:pub asd
1632421617406:exch asd
1632421620217:queue asd
1632421625036:signin rah rah
1632421626571:bind
1632421628386:pub asd
1632421630242:pub jsad
1632421631988:pub kjsd
1632421659757:exch asd
1632421664261:signin rah rah
1632421665556:bind
1632421667477:pub asd
1632421712166:poub asd
1632421713645:pub asd
1632421802626:exch asd
1632421809151:signin rah rah
1632421811395:bind
1632421813899:pub asd
1632422022189:exch asd
1632422030020:signin rah rah
1632422034595:bind
1632422039200:pub asdasdsa
1632422138601:queue asd
1632422140181:bind
1632422141812:pub asd
1632422174477:bind
1632422311854:ub sadsa
1632422311968:pub sdasad
1632422336434:pub asd
1632422339908:pub xdxd
1632425560795:queue asd
1632425566701:exch asd
1632425574918:signin rah rah
1632425577315:bind
1632425579389:pub asd
1632425582478:pub kljndsakjlsa
1632425584492:pub lkjsadkjlsad,
1632425597165:pub kjskj
1632425599052:pub kjsjkd
1632464781190:signin rah rah
1632464783297:exch asd
1632464786083:bind
1632464792216:pub asd
1632464914022:signin rah rah
1632464917543:exch asd
1632464919943:bind
1632464922489:pub xdxd
1632464969959:queue asd
1632464971340:bind
1632464974263:pub xdxd
1632464977534:pub asd
1632465033348:queue asd
1632465036037:signin rah rah
1632465038510:exch asd
1632465040477:bind
1632465042583:pub xdxd
1632465046129:pub xd
1632465057133:clear
1632465151555:signin rah rah
1632465155917:exch asd
1632465157348:bind
1632465159210:pub xd
1632465196393:xd
1632465554347:pub ad
1632465565478:exch asd
1632465569702:signin rah rah
1632465570822:bind
1632465572511:pub asd
1632465776613:signin rah rah
1632465778272:exch asd
1632465779906:bind
1632465783122:pub asd
1632465795874:pub xd
1632465976973:exch asd
1632465980579:signin rg rg
1632465982119:bind
1632465987673:pub xdxd
1632466075061:queue asd
1632466076898:binids
1632466079168:bind
1632466082906:pub xd
1632466128113:pub iyi
1632466134337:pub nab
1632467765766:signin rah rah
1632467769314:exch asd
1632467772500:bind
1632467804910:exch asd
1632467809531:signin rah rah
1632467810814:bind
1632467816187:pub asd
1632467821272:pub xdxd
1632467827487:as
1632467830673:queue asd
1632467833272:bind
1632467835623:pub xdxd
1632467902943:pub naber
1632467913944:bind
1632467916405:pub xdxd
1632467921975:pub a
1632467950541:signin rah rah
1632467953136:exch asd
1632467955458:pub xd
1632467961570:bind
1632467963896:pub xd
1632467996224:pub asdsda
1632468014953:queue asd
1632468018191:bind
1632468021131:pub xdxdxd
1632468025129:queue 21321321
1632468026560:bind
1632468029097:pub jskodalkda
1632468035938:exch asd33
1632468037361:bind
1632468040464:pub xdfxd
1632468077470:puıb kjasdjkasd
1632468081959:pub dsadsa
1632468087319:bind
1632468108535:pub xdxd
1632468172701:signin rah rah
1632468193233:exch qq
1632468195216:bind
1632468201897:pub xd
1632468207329:pub nbasnsad
1632468239418:pub jkadsjksad
1632468548304:signin rah rah
1632468549891:exch
1632468558676:bind asd
1632468566253:pub asdasd
1632468627236:ub dassda
1632468631087:pub kjlsdaklsa
1632468659757:queue asd
1632468661908:bind asd
1632468664493:pub xdxd
1632468671487:pub qwewqwqe
1632468872288:pub asddsasad
1632468877487:pub qweewqwqe
1632468885585:pub asdsdadsa
1632468890056:exch
1632468892966:bind asd
1632468896840:pub adsdsasad
1632468903706:signin rg rg
1632468905240:exch
1632468908560:bind qwe
1632468912478:pub asdsa
1632468934896:pub qwewqeewq
1632468993391:signin rah rah
1632468995388:exch
1632469004840:bind asd
1632469008994:pub sdasdasda
1632469025618:queue asd
1632469034596:bind asd
1632469042369:pub 2qqwe
1632469070817:pub adssaddsa
1632469074434:pub qwewq
1632469097866:pub xd
1632469102922:pub qwe
1632469123499:queue qwe
1632469126889:bind asd
1632469133082:pub xd
1632469145556:signin rg rg
1632469148036:exch
1632469152203:bind asd
1632469173292:pub asddsa
1632469182753:pub qweewq
1632469409189:signin rah rah
1632469412910:exch asd
1632469413918:bind
1632469416134:pub xdxd
1632469471662:queue qwe
1632469472760:bind
1632469475646:pub xdxd
1632469511692:pub asdsda
1632469615013:pub asdknjkjnsad
1632469711703:signin rah rah
1632469715224:exch asd
1632469719574:pub xdxd
1632469724869:bind
1632469727477:pub xdxd
1632469733677:pub asdjkdkjslsda
1632469738980:queue 123123
1632469740435:ind
1632469742442:bind
1632469745891:pub 213123
1632469769892:queue xd
1632469771802:bind
1632469783851:pub asdsda
1632469794978:xd
1632469798560:pub xd
1632470086047:signin rg rg
1632470088967:exch 0
1632470093175:bind
1632470096119:pub xd
1632470106056:pub kdsk
1632470118550:queue asd
1632470120164:bind
1632470123797:pub asdsad
1632470163110:pub asdsda
1632470166757:pub qwweqwqe
1632470184251:pub asddsa
1632470208978:pub xdxd
1632470213653:pub quoııuowqe
1632470224169:pub *0
1632470238339:exch 12
1632470239866:bind
1632470244372:pub saddsa
1632470255588:bind
1632470258397:pub qweqwewqeewqwq
1632470269674:pub qwewqeweq
1632470281098:pub 213213231
1632470302849:pub asddsasaddsasdadsa
1632470308313:pub 2132311
1632470315850:pub asdsaddsa
1632470324984:bind
1632470328105:pub 123123
1632470354997:pub qweweq
1632470364408:pub 12321
1632470372393:pub qwewqqwe
1632470439087:signin rah rah
1632470442663:exch 9
1632470448898:queue asd
1632470450193:bind
1632470452406:pub xdxd
1632470455330:pubxdxd
1632470463251:pub qwweqwqeewq
1632473740202:exch asd
1632473747817:signin rah rah
1632473748905:bind
1632473751654:pub xzdsadsa
1632473786304:queue 123
1632473788632:pub sadsda
1632473813159:pub 21321
1632483231509:signin rah rah
1632483234139:exch rah
1632483235756:bind
1632483268956:pub kötü
1632483303822:pub acar
1632483854033:exch asd
1632483861726:signin rah rah
1632483862841:bind
1632483866212:pub xd
1632483898247:queue asd
1632483899694:bind
1632483901837:pub xdxd
1632483920149:pub skajdksad
1632484075751:pub asdsad
1632484089111:pub asdasd
1632484109610:bind
1632484112799:queue asd
1632484114315:bind
1632484119436:pub xdxd
1632484124446:pub assadsad
1632484669862:exch qwe
1632484724246:signin rah rah
1632484725595:bind
1632484727823:pub sad
1632484744152:queue asd
1632484745047:bind
1632484748880:pub asd
1632484845380:exch asd
1632484879399:signin rah rah
1632484880319:bind
1632484882648:pub xd
1632484908672:queue ide
1632484910190:bind
1632484914759:pub asd
1632484933528:pub qweqwe
1632484946653:exch asd
1632484950235:queue ide
1632484951353:bind
1632484953627:pub asdasd
1632485036136:pub asdas
1632485059847:bind
1632485077334:pub xdxd
1632485101339:pub t3
1632485114928:pub xd
1632485119407:pub t3
1632485138255:bind
1632485147889:exch xd
1632485148808:bind
1632485150840:pub asd
1632485159664:pub asdsad
1632485199890:pub xdxdxd
1632485247697:bind
1632485250527:pub asdasd
1632485330957:signin rg rg
1632485337354:exch qwe
1632485345833:exch ff
1632485349322:bind
1632485355984:pub qqq
1632485359001:queue ff
1632485361504:bind
1632485392738:puıb asdsda
1632485394189:pub asd
1632485468419:pub assda
1632485474953:pub asdsaasd
1632485476608:bind
1632485566828:exch asd
1632485569386:exch ff
1632485577506:signin rah rah
1632485579369:pub xd
1632485662534:queue amq.rabbitmq.reply-to
1632485665747:signin rah rah
1632485666593:bind
1632485854737:pub
1632485857529:bind
1632485861667:queue asd
1632485862625:bind
1632485865169:pub xdxd
1632575112623:exch asd
1632575113815:queue asd
1632575117199:signin asd asd
1632575118082:bind
1632575119750:pub xd
1632575130495:pub xdxd
1632575136271:pub assdadsa
1632575140029:pub asşldssda
1632575153692:exch qwe
1632575158683:pub xd
1632575159891:bind
1632575161610:b xdxd
1632575164476:pub xdxd
1632575228622:exch asd
1632575230818:signin asd asd
1632575232722:bind
1632575234675:pub asdsa
1632575239836:pub asdsadas
1632575243293:queue asd
1632575244266:bind
1632575246218:pub xdxd
1632575254998:pub kjaskljdsa
1632575592103:ech asd
1632575594376:exch asd
1632575595778:queue asd
1632575598924:signin rg rg
1632575599672:bind
1632575642001:pub naber
1632575645356:signin rah rah
1632575646362:bind
1632575647882:pub xd
1632576117349:queue asd
1632576128243:exch asd
1632576137018:signin rah rah
1632576138953:bind
1632576140826:pub xd
1632576142763:pub asdsda
1632576144362:pub assda
1632576249567:exch asd
1632576253274:queue asd
1632576263264:signin rah rah
1632576264088:bind
1632576265922:pub xd
1632576267730:pub asd
1632576269732:pub adsasdassa
1632576528304:queue asd
1632576535763:exch asd
1632576540364:signin rg rg
1632576541105:bind
1632576543346:pub xdxd
1632576545481:pub asdSA
1632576683981:pub xd
1632576717044:exch asd
1632576717324:queue asd
1632576724170:signin rg rg
1632576725785:bind
1632576783373:pub xdxd
1632576803264:pub asd
1632576869099:exch asd
1632576870528:ueue asd
1632576872250:queue asd
1632576874730:signin rah rahg
1632576877899:signin rg rg
1632576879281:bind
1632576882009:pub xd
1632576957058:exch asd
1632576960964:signin rg rg
1632576964402:queue asd
1632576965273:bind
1632576966873:pub xdxd
1632577050214:exch asd
1632577053417:signin asd asd
1632577055994:queue asd
1632577057370:bind
1632577059146:pub xd
1632577286326:exch asd
1632577287977:queue asd
1632577291698:signin rah rah
1632577292633:bind
1632577294369:pub xd
1632577424142:queue asd
1632577428243:exch asd
1632577429595:bind
1632577432908:signin rah rah
1632577433731:bind
1632577435181:pub xd
1632577666764:exch asd
1632577669005:signin rg rg
1632577669667:bind
1632577672870:pub xd
1632577682556:queue asd
1632577683364:bind
1632577686060:pub xd
1632577852558:pub sadsda
1632578005585:pub asdsaddsa
1632578007992:bind
1632578020999:pub xdxd
1632578023751:pub ljksakljsda
1632578032710:signin rg rg
1632578033798:bin
1632578035252:bind
1632578036613:pub xdxd
1632578040492:pub lkjşdsalkjşdsalşkjdsa
1633185676976:exch asd
1633185682660:signin rah rah
1633185684547:bind
1633185700387:signin rah rah
1633185705426:pub deneme
1633185710292:pub denemedeneme
1633185765112:signin rah rah
1633185768747:exch asd
1633185769778:bind
1633185772893:pub xdxd
1633185797684:pub deneme
1633208685484:pub deneme3
1633208693682:pub merhaba
1633209230541:exch asd
1633209232068:queue asd
1633209235589:signin rg rg
1633209236568:bind
1633209239156:pub xd
1633209310245:pub xdxd
1633209316384:pub lkdşsajklşdsaşljkdsa
1633209616451:exch deneme
1633209619001:signin rah rah
1633209620018:bind
1633209622043:pub xdxd
1633209732773:queue deneme
1633209733994:bind
1633209755747:pub naber top
1633209758960:pub lkdsakşljdsşlkjd
1633209791110:pub akhskljhdsalkşdsa
1633209798871:pub deneme
1633209818532:pub 1213231
1633209920804:bind
1633209979897:pub askndjsdakj
1633209984157:exch deneme
1633209985771:queue deneme
1633209989639:signin rah rah
1633209990339:bind
1633209992159:pub ljkdsalkjşsdasd
1633209998716:bind
1633210000924:pun ujıhsajsdalkjdsa
1633210003246:pub jlkhsdjşlkdsasad
1633210051186:exch deneme
1633210053407:queue deneme
1633210058262:signin rah rah
1633210059027:bind
1633210064765:pub deneme
1633210405490:queue deneme
1633210408103:exch deneme
1633210414031:signin rg rg
1633210414941:bind
1633210416757:pub
1633210422959:pub alkkljdsşa
1633210424876:pub sdasda
1633210427269:pub 213213
1633210433388:pub qwewqeewq
1633210880313:pub kljdsalkjsda
1633210886365:queue deneme
1633210888679:exch deneme
1633210890936:signin rah rah
1633210891629:bind
1633210893144:pub sasda
1633210896321:pub şsdkaşkldes
1633210898335:pub kljdsakljdsa
1633211070896:queue deneme
1633211073071:exch deneme
1633211076258:signin rah rah
1633211077165:bind
1633211080150:pub deneme
1633211099342:ub deneme
1633211100606:pub dsasda
1633211101999:pub slkdlkdsa,
1633211384803:exch asd
1633211386677:queue asd
1633211389214:signin rah rah
1633211389907:bind
1633211391927:pub xdxd
1633211394169:pub kdşalkljdşa
1633211395404:pub oç
1633211468980:exch asd
1633211470445:queue asd
1633211474904:signin rah rah
1633211475621:bind
1633211477848:pub sadjld
1633211480056:pub kdnjsljkldsa
1633211481647:pub oç
1633212053846:exch deneme
1633212059429:queue deneme
1633212067804:signin deneme deneme
1633212068696:bind
1633212079010:pub deneme
1633212083269:pub sdasdsa
1633212165936:exch asd
1633212171057:signin rg rg
1633212171849:bind
1633212173631:pub xdasdas
1633212183696:queue deneme
1633212185079:bind
1633212186479:pub asdasdsad
1633212333240:pub asddsadas
