1632391105879:pub 12321
1632391110231:pub 123214536545334
1632391352333:exit
1632401539487:signin rah rah
1632401574096:help
1632401582952:exch sh
1632401588215:stacktrace
1632401649168:exch asdsa
1632401658975:stacktrace
1632401789875:exit
1632404443536:signin rah rah
1632404446087:exch asd
1632404449935:queue qwe
1632404452174:bind
1632404472431:exit
1632404658008:pub 213
1632404663039:pub 213 23
1632404685489:queue 213
1632404690192:pub asdas
1632404692680:pub asdas 2
1632405526010:publish asd
1632405528786:pub asd
1632405532082:exit
1632405623393:pub sadsa
1632405634531:exit
1632405651947:signin rah rah
1632405656970:exch rah
1632405685643:stacktrace
1632405725080:exit
1632409213525:signin rah rah
1632409232971:exch shell
1632409235844:queue shell
1632409237019:bind
1632409335690:pub asd
1632409337660:exit
1632409387957:pub asd
1632409399029:signin rah rah
1632409404837:exch asd
1632409406700:queue asd
1632409408741:bind
1632409411045:pub asdsda
1632409479836:exit
1632411239130:signin rg rg
1632411241801:exch
1632411243807:exch asd
1632411245729:queue asd
1632411247761:bind
1632411250664:pub 2131
1632411273631:pub 1232131
1632411283801:pub 12asdsad
1632411288697:clear
1632411290025:pub 12asdsad
1632411311135:signin rah rah
1632411315617:bind
1632411320353:pub sadsa
1632411326840:bind
1632411329745:pub sadsa
1632411331305:bind
1632411333593:pub sadsa
1632411339299:clear
1632411340377:exit
1632417212287:exch asd
1632417214247:queue asd
1632417217087:pub asdsad
1632417240866:exit
1632422181315:exch asd
1632422187595:queue asd
1632422193443:signin rg rg
1632422194883:bind
1632422196994:pub asdasd
1632422214771:exit
1632422227163:signin rg rg
1632422230491:exch asd
1632422233370:bind
1632422236067:pub asd
1632422245827:clear
1632422247570:pub asd
1632422252067:queue asd
1632422254442:bind
1632422255843:pub
1632422257203:pub asd
1632422279577:signin rah rah
1632422282811:bind
1632422284730:pub asd
1632422293467:pub asddsada
1632422316320:pub asd
1632422370337:pub xdxdxd
1632425553236:pub naber
1632425586953:pub sdes
1632425603081:exit
1632466092553:exch asd
1632466097679:signin rg rg
1632466100565:bind
1632466103527:pub asd
1632466118912:queue asd
1632466119823:bind
1632466122415:pub as
1632466125127:pub naber
1632466156783:exit
1632467863870:exch asd
1632467866167:signin rg rg
1632467868632:bind
1632467872647:pub xd
1632467877277:queue asd
1632467878917:bind
1632467883390:pub asdasd
1632467891055:signin rah rah
1632467894005:bind
1632467895919:pub xdxd
1632467909287:clear
1632467929702:pub xd
1632467934479:clear
1632467935807:exit
1632467980176:exch asd
1632467982535:signin rah rah
1632467984615:bind
1632467987279:pub xdxd
1632467999151:pub kjsdakldsa
1632468005399:queue asdasd
1632468007309:bind
1632468009639:pub xd
1632468059750:exch asd33
1632468060941:bind
1632468064111:pub ssa
1632468067303:pub ljkndssad
1632468071391:bind
1632468074543:pub sjnkdajkdsa,
1632468098807:queue 21321321
1632468100079:bind
1632468103183:pub asdsad
1632468111885:clear
1632468113327:exit
1632468141822:pub as
1632468145871:bind
1632468149551:signin rah rah
1632468156439:bind
1632468162119:exch qwe
1632468163975:bind
1632468167359:pub xd
1632468212048:pub ksdaksad
1632468222981:exch qq
1632468225718:bind
1632468230096:pub xddxd
1632468235423:pub skadksda
1632468280129:exit
1632468604356:signin rg rg
1632468607467:exch
1632468613243:bind asd
1632468618705:pub xdxd
1632468624347:pub ksadjsad
1632468636507:pub kjhadskjsda
1632468640588:queue asd
1632468643236:bind asd
1632468649497:pub xdxd
1632468668380:pub asdsad
1632468674788:pub qwewqeewq
1632468684364:signin rah rah
1632468686819:bind asd
1632468696532:pub xdxd
1632468856518:exch
1632468860790:bind asd
1632468864942:pub xdxd
1632468867566:pub asdsad
1632468880623:pub qweewq
1632468883055:pub asd
1632468917975:pub 21231231
1632468937920:pub 321231231
1632468948733:exit
1632468976441:signin rg rg
1632468978160:exch
1632468981712:bind qweqwe
1632468985509:pub 231213
1632469012745:pub dsadsasad
1632469017726:pub 21231
1632469027904:queue asd
1632469032120:bind qwe
1632469038209:pub asdasd
1632469045195:pub 32213
1632469062825:bind asd
1632469067751:pub dsadsa
1632469076665:pub asddsasad
1632469078825:clear
1632469088105:queue qwe
1632469090897:bind qwe
1632469093362:pub xd
1632469160050:pub asd
1632469166626:bind asd
1632469170954:pub asddsa
1632469180282:pub 23213
1632469232115:exit
1632469352226:signin rah rah
1632469396382:exch asd
1632469400926:bind
1632469419027:pub 21231
1632469464113:queue qwe
1632469467368:bind
1632469479079:pub asdasd
1632469507524:pub qwewqe
1632469561751:signin rg rg
1632469562816:bind
1632469565863:pub xd
1632469569135:signin rah rah
1632469569887:bind
1632469571559:pub xd
1632469578438:exch qwe
1632469582302:bind
1632469584662:pub asd
1632469590421:exch asd
1632469591748:bind
1632469593363:pub asdsa
1632469606588:queue 12321123213
1632469608266:bind
1632469611090:pub sdasdadsa
1632469776248:pub sadas
1632469793032:pub xd
1632469809574:clear
1632469900270:exit
1632470020046:signin rah rah
1632470023054:exch asd
1632470032159:exch qwe
1632470035563:exch şlklkşlşşl
1632470056007:exch
1632470059207:exch 0
1632470066663:bind
1632470070109:pub xd
1632470077223:queue asd
1632470078351:bind
1632470111222:pub xdxd
1632470128789:pub 321312
1632470154571:queue qwe
1632470155965:bind
1632470158812:pub asdsad
1632470169988:pub qwewqe
1632470173036:bind
1632470176820:pub qwewqeweq
1632470194452:pub qwewqeweqexch 12
1632470198049:exch 12
1632470201923:bind
1632470204739:pub xdxd
1632470216730:pub qwıuheuıweq
1632470232122:pub saasd
1632470250650:pub sdads
1632470253450:bind
1632470262002:pub qwewqwqeewq
1632470277250:pub asddsasaddas
1632470288522:queue asd
1632470290039:bind
1632470292825:pub sadsdasda
1632470305871:pub 213231
1632470313129:pub qweweq
1632470322311:bind
1632470331169:pub qwwqeweq
1632470343969:queue qwe
1632470347737:pub sadsda
1632470349854:bind
1632470351942:pub qweweq
1632470362017:pub 21321
1632470369992:pub çö
1632470379848:clear
1632470380950:exit
1632470398478:exch asd
1632470414125:09
1632470417040:exch 9
1632470420167:queue asd
1632470421120:bind
1632470424543:signin rah rah
1632470425344:bind
1632470427557:pub xdxd
1632470430263:pub xddx
1632470459101:pub asddsasadasdsadasd
1632470466647:clear
1632470467735:exit
1632473728820:exch asd
1632473732086:signin rah rah
1632473733358:bind
1632473755125:pub 21313
1632473759317:queue 123
1632473760757:bind ,
1632473794260:pub 21231
1632473803860:pub rah from term
1632473808876:pub asdsa
1632473817851:clear
1632473818523:exit
1632483189473:exch rah
1632483196634:signin rah rah
1632483197930:bind
1632483205362:pub asd
1632483217532:signin rah rah
1632483220810:exch rah
1632483222378:bind
1632483224137:pub asd
1632483241986:pub xdxd
1632483251354:pub naber dayi
1632483255650:pub "naber dayi"
1632483264642:pub iyi
1632483293706:pub osmanabi
1632483298887:pub taha
1632483360137:exit
1632483363378:exit
1632483592866:exch asd
1632483598746:signin rah rah
1632483602130:bind
1632483609074:pub xd
1632483614771:exch asd
1632483617834:signin rah rag
1632483621210:signin rah rah
1632483622234:bind
1632483625562:pub xd
1632483631034:signin rg rg
1632483632922:bind
1632483636162:queue asd
1632483637882:bind
1632483640466:pub xd
1632483643770:pub xdxd
1632483646794:queue asd
1632483647802:bind
1632483650290:pub klsdkjsda
1632483671642:pub selamlar
1632483681282:pub aleykümselamdayi
1632483684858:pub asd
1632483686786:pub saddsa
1632483690706:pub asddsa
1632483694914:pub sea
1632483697144:pub as
1632483700690:bind
1632483703594:pub asd
1632483711074:bind
1632483713402:queue asd
1632483714322:bind
1632483715784:pub xd
1632483718730:bind
1632483720674:pub xd
1632483733466:as
1632483736954:pub xdxd
1632483783801:exit
1632483788586:exit
1632483879346:exch asd
1632483881746:signin rg rg
1632483882770:bind
1632483884809:pub xd
1632483891938:queue asd
1632483893666:bind
1632483904818:pub xdxd
1632483909922:pub saassa
1632483917218:pub lkndsakldsa,
1632484065276:signin rah rah
1632484067220:bind
1632484069747:pub xdxd
1632484097491:pub asdasd
1632484102502:bind
1632484172148:exit
1632484627422:exch qwe
1632484682558:signin rg rg
1632484687119:bind
1632484689582:pub cv
1632484708894:queue asd
1632484711030:bind
1632484714199:pub xd
1632484752100:pub xdxd
1632484754758:clear
1632484756934:pub asdsa
1632484764118:exch qwe
1632484766415:bind
1632484768684:pub asdsad
1632484770870:exit
1632484869287:exch qwe
1632484874167:signin rg rg
1632484875159:bind
1632484885223:pub xd
1632484888607:pub asdsad
1632484898439:queue ide
1632484900231:bind
1632484902631:pub xd
1632484917567:pub asdsda
1632484924735:exch asd
1632484926071:bind
1632484929015:pub xdxd
1632484956583:pub asdasd
1632484979678:exch asd
1632484983599:queue ide
1632485010919:signin asd asd
1632485012423:bind
1632485018494:pub xd
1632485026487:pub asdsad
1632485039087:pub asddsa
1632485051783:pub ahaha
1632485053023:bind
1632485055359:bind
1632485070383:pub asd
1632485073663:pub xd
1632485082718:pub t2
1632485086591:pub t1
1632485106239:exch qwe
1632485107472:bind
1632485109927:pub xd
1632485122471:pub t3
1632485126503:pub t4
1632485153495:pub asd
1632485155640:pub asd
1632485184840:signin rg rg
1632485185640:bind
1632485189400:pub xdxd
1632485194695:pub xdxdxd
1632485202151:pub xd
1632485205183:pub t1
1632485215880:signin asd asd
1632485216888:bind
1632485220344:pub t1
1632485226048:queue ide1
1632485227808:bind
1632485231584:pub xd
1632485239352:pub xdxd
1632485242104:bind
1632485245576:bind
1632485253280:pub t1
1632485255696:pub t1
1632485259120:pub t2
1632485260272:pub t3
1632485277736:queue 22
1632485281480:pub asdsda
1632485289288:exit
1632485297744:exit
1632485373073:signin asd asd
1632485376544:exch ff
1632485384144:queue ff
1632485385280:bind
1632485387479:pub asdsa
1632485424487:pub asdasd -e
1632485428152:stacktrace
1632485432952:pub -e
1632485440393:signin asd asd
1632485443096:exch ff
1632485443952:bind
1632485445423:pub assad
1632485450088:queue ff
1632485452240:bind
1632485455903:pub
1632485461240:signin rg rg
1632485462160:bind
1632485464896:pub asddsa
1632485485928:pub wqeweqewq
1632485493336:bind
1632485500248:signin rg rg
1632485501304:bind
1632485503312:pub ff
1632485507856:pub ff
1632485510608:pub ff2
1632485516598:exit
1632485519960:exit
1632485708191:signin rah rah
1632485711544:queue amq.rabbitmq.reply-to
1632485718160:exch qwe
1632485721400:exch ff
1632485722264:bind
1632485761392:clear
1632485764313:bind
1632485823633:queue asd
1632485825096:bind
1632485828152:pub asd
1632485850614:pub xdxd
1632486094306:exch qwe
1632486099482:exch tt
1632486101835:exch tt
1632486104546:signin rah rah
1632486109002:signin rah rah
1632486112714:bind
1632486114770:bind
1632486116962:pub xd
1632486119258:pub xd
1632486126994:queue osman
1632486130074:queue osman
1632486132362:bind
1632486134282:bind
1632486136794:pub xd
1632486138762:pub xd
1632486163834:signin rg rg
1632486165938:bind
1632486167458:pub xd
1632486174208:bind
1632486176082:pub xd
1632486179354:bind xs
1632486185402:pub xd
1632486210930:signin rah rah
1632486213466:bind
1632486215618:pub xdxd
1632486218586:pub xdxd
1632486219954:clear
1632486221634:clear
1632486309527:bind
1632486312862:bind
1632486326461:queue pp
1632486328917:bind
1632486337630:pub sad
1632486343930:queue osman
1632486346122:signin rg rg
1632486347440:biind
1632486353855:bind
1632486357432:pub sadsa
1632486360396:pub dsasda
1632486439773:bind
1632486454246:pub 121
1632486460212:pub HHH
1632486791151:pub deneme
1632486799598:pub kk
1632486861608:pub rwar
1632486867072:pub ssss
1632487156486:pub ttt
1632487232333:pub sss
1632487247700:pub sss
1632487358733:exchange
1632487389439:exch chat_ex
1632487399332:queue chat
1632487410096:bind
1632487439103:bind
1632487446877:queue chat
1632487450388:bind
1632487474301:exch chat_ex
1632487479042:queue chat
1632487481810:bind
1632487491387:pub test
1632487496676:pub test
1632487603262:signin rg rg
1632487605357:bind
1632487607592:pub xfcf
1632487974522:exch chat_ex
1632487981835:queue chat
1632487985525:bind
1632488045303:exit
1632488068477:exch chat_ex
1632488071502:queue chat
1632488074323:bind
1632488078270:exch chat_ex
1632488080815:queue chat
1632488082794:bind
1632488089688:pub 123
1632488095596:pub 321
1632488139720:exit
1632488142358:exit
1632488159967:exch chat_ex
1632488164864:queue chat
1632488168494:bind
1632488174505:exch chat_ex
1632488177531:queue chat
1632488181222:bind
1632488183916:pub test
1632488188915:pub test
1632488222769:queue chat
1632488225112:pub test
1632488251941:exit
1632488257704:exit
1632489093643:exch chat_ex
1632489102239:queue chat
1632489227498:exch chat_ex
1632489233277:bind
1632489314055:signin rg rg
1632489319584:bind
1632489350375:pub hhj
1632489364711:queue kk
1632489817032:signin
1632489829723:signin rg rg
1632489842057:exch chat_ex
1632489853501:queue chat
1632489856473:bind
1632489861387:pub test
1632489928479:signin asd asd
1632489938210:exch chat_ex
1632489941673:queue chat
1632489944773:bind
1632489960111:pub 123
1632489967757:pub 321
1632490030341:exit
1632490044723:exit
1632490066627:signin asd asd
1632490073926:signin rg rg
1632490083722:exch chat_ex
1632490087014:queue chat
1632490090403:bind
1632490097929:exch chat_ex
1632490105024:queue chat
1632490112416:bind
1632490116070:pub test
1632490121318:pub test1
1632490124697:pub sss
1632490188220:pub 222
1632490192954:pub 333
1632490198871:pub 334
1632490287659:exit
1632490292786:exit
1632490303257:signin rg rg
1632490308731:signin asd asd
1632490320355:exch chat_ex
1632490326122:queue chat
1632490328264:bind
1632490334611:exch chat_ex
1632490337686:queue chat
1632490340261:bind
1632490343676:pub test
1632490347399:pub sdd
1632490352498:pub test2
1632491135589:exit
1632491137782:exit
1632491155072:signin asd asd
1632491160741:exch chat_ex
1632491170224:signin rg rg
1632491177978:exch chat_ex
1632491181667:queue chat
1632491185004:bind
1632491189557:queue bind
1632491198870:queue chat
1632491200821:bind
1632491204189:pub test
1632491214872:pub test
1632574139964:queue asd
1632574141463:exch asd
1632574147743:signin rah rah
1632574162620:bind
1632574169576:signin asd asd
1632574174888:exch asd
1632574176896:queue asd
1632574177848:bind
1632574181639:pub 2131
1632574186575:pub 21321
1632574229967:pub dsdfsds
1632574233991:pub kljsadkldsa
1632574257268:signin rah rah
1632574258604:bind
1632574260367:pub assda
1632574266239:exit
1632574272708:exit
1632574308134:exch asd
1632574312622:signin rah rah
1632574313406:bind
1632574318102:pub xd xd
1632574321118:pub xd
1632574324800:exch asd
1632574328851:signin rg rg
1632574329910:bind
1632574332254:pub xdx
1632574341054:queue asd
1632574343742:queue asd
1632574345590:bind
1632574350115:bind
1632574352315:pub xd
1632574357134:pub sadsa
1632574362102:pub sadsa213231
1632574367182:pub 21312
1632574379453:pub
1632574527546:exit
1632574537681:exit
1632574555260:queue asd
1632574563529:queue 213
1632574567820:exch asd
1632574571820:signin rah rah
1632574573020:bind
1632574579764:queue 213
1632574732675:exit
1632574737273:pub xdxd
1632574738491:exit
1632574831115:queue asd
1632574832435:exch asd
1632574835147:signin rah rah
1632574836939:bind
1632574839752:exch asd
1632574841425:queue asd
1632574843939:signin rg rg
1632574845163:bind
1632574847491:pub xdxd
1632574850913:bind
1632574854779:pub xd
1632574869323:signin rg rg
1632574870371:bind
1632574872243:pub xdxd
1632574875609:exit
1632574877219:exit
1632574889597:exch qwe
1632574894099:exch asd
1632574900745:signin rah rag
1632574902867:signin rah rah
1632574907075:bind
1632574908795:pub
1632574914859:signin rah rahg
1632574915995:signin rah rah
1632574918075:bind
1632574920755:pub xdxd
1632574924146:pub xdxd
1632574944747:exch asd
1632574945611:bind
1632574948850:pub xdxed
1632574956776:bind
1632574959187:bind
1632574963570:queue asd
1632574965787:queue asd
1632574967058:bind
1632574969122:bind
1632574970490:pub xd
1632574976811:pub 123
1632574983715:signin rg rg
1632574984570:bind
1632574989370:pub xdxd
1632575019859:clear
1632575022362:clear
1632575025066:bind
1632575026979:bind
1632575039552:pub 1
1632575123809:pub sasda
1632575143100:pub şşş
1632575250762:pub sasda
1632575352560:exit
1632575360651:exch asd
1632575362074:queue asd
1632575365394:signin rah rab
1632575367034:signin rah rah
1632575368322:bind
1632575370783:pub xdxd
1632575376850:signin asd asd
1632575377842:bind
1632575379441:pub xdxd
1632575382874:signin rah rah
1632575384831:pub xdxd
1632575388490:pub xdxd21
1632575390298:bind
1632575391267:pub xdxd21
1632575393426:pub xdxd2123
1632575588019:exit
1632575627371:exch asd
1632575630649:signin rah rah
1632575633047:queue asd
1632575635103:bind
1632575637522:pub asd
1632575651290:pub xdxd
1632575654079:pub asd
1632575698866:exit
1632575806531:pub xd
1632575809379:pub xd
1632575812002:exch asd
1632575814122:queue asd
1632575817506:signin rah rag
1632575819418:signin rah rah
1632575821623:bind
1632575824207:queue asd
1632575825762:exch asd
1632575830906:signin rg rg
1632575832002:bind
1632575834354:pub xd
1632575836778:pub xd
1632575844402:signin rah rah
1632575845282:bind
1632575849082:pub asdsda
1632575854018:pub xdxd
1632576107497:exit
1632576109647:exit
1632576563367:queue asd
1632576565521:exch asd
1632576569593:signin rah rah
1632576572130:bind
1632576574146:pub xdxd
1632576701321:exit
1632576746418:pub xd
1632576749799:exch asd
1632576752569:queue asd
1632576756473:signin rah rah
1632576758538:bind
1632576760017:pub xd
1632576766953:pub asdsadsa
1632576865798:exit
1632577750461:exch asd
1632577754740:signin rah rah
1632577755461:bind
1632577756877:pub xd
1632577765060:pub xdxdxd
1632577769253:queue asd
1632577770205:bind
1632577772965:pub xdxd
1632577779357:pub xdxd231213
1632577978555:signin rg rg
1632577979739:bind
1632577981357:pub xdxd
1632578027334:pub kjlhsdajkhsda
1632578044710:pub 2213213231
1632583174036:exit
1633176545095:signup deneme123 deneme123 ROLE_USER
1633177097677:signin deneme123 deneme123
1633183524487:queue asd
1633183526815:exch asd
1633183527909:bind
1633183529727:pub saddsadsa
1633183543463:exit
1633208646875:exch deneme
1633208651297:signin asd asd
1633208654330:exch asd
1633208657001:signin rah rah
1633208659497:bind
1633208661353:bind
1633208664745:pub deneme
1633208667793:pub deneme
1633208677201:pub deneme1
1633208680545:pub deneme2
1633208696849:pub merhaba
1633208715849:pub "deneme from terminal"
1633208743042:pub deneme2
1633208754417:queue deneme
1633208756057:bind
1633208761106:queue deneme
1633208761930:bind
1633208764746:pub deneme
1633208767730:pub deneme
1633208778138:pub deneme2
1633208799601:clear
1633208801306:clear
1633208844019:signin rah rah
1633208845682:bind
1633208847824:bind
1633208850065:pub xdxd
1633208853041:pub xdxd
1633208856817:exşü
1633208858063:exit
1633208859802:exit
1633208890012:exch deneme
1633208894491:signin asd asd
1633208895563:bind
1633208899903:exch deneme
1633208903908:signin rah rah
1633208905762:bind
1633208909704:pub xdxd
1633208912369:pub xdxd
1633208917190:queue deneme
1633208919947:queue dneeme
1633208922730:queue deneme
1633208923522:bind
1633208926343:pub deneme
1633208928522:pub asddsa
1633208934882:pub 213213213
1633209064114:exit
1633209066514:exit
1633209105099:exch deneme
1633209110586:queue deneme
1633209113186:signin rah rah
1633209114016:bind
1633209118738:queue deneme
1633209121066:exch deneme
1633209123722:signin asd asd
1633209124578:bind
1633209126329:pub xdxd
1633209129042:pub sadsdadsa
1633209137514:signin rah rah
1633209138314:bind
1633209139962:pub asdsaddsa
1633209145123:pub sadsdadsa32121321213231
1633209148152:bind
1633209151882:bind
1633209155331:pub asdsaddsa
1633209158442:exch qwe
1633209159362:bind
1633209160818:pub saddsasda
1633209164986:pub 213321231
1633209169722:pub asdsa
1633209219786:exit
1633209222026:exit
1633209265683:exch deneme
1633209267451:queue deneme
1633209271707:signin rg rg
1633209276130:bind
1633209281532:exch deneme
1633209283498:queue deneme
1633209288178:signin rah rah
1633209289235:bind
1633209291050:pub xd
1633209296683:pub xd
1633209392986:bind
1633209395931:bind
1633209398819:signin rah rah
1633209399584:bind
1633209402195:pub asdsa
1633209588027:pub sadsdasad
1633209593907:pun xdxsdas
1633209594827:exit
1633209598841:ex
1633209601457:exit
1633209696939:exch deneme
1633209702065:signin rg rg
1633209703016:bind
1633209705555:pub xd
1633209742908:queue deneme
1633209743667:bind
1633209745539:pub xdxd
1633209773763:signin rah rah
1633209774908:bind
1633209777187:pub sadsdasda
1633209785658:pub şkıdsakşjdsajşlsda
1633209804593:pub deneme
1633209814819:pub qweqwewq
1633209831028:bind
1633209832619:clear
1633209835260:pub xdxd
1633210086155:exit
1633210128197:exch deneme
1633210131041:queue deneme
1633210133827:signin asd asd
1633210134988:bind
1633210140130:exch deneme
1633210145201:queue deneme
1633210150484:signin rah rah
1633210151396:bind
1633210154852:pub deneme
1633210158516:pub deneme
1633210673453:exit
1633210674949:exş
1633210676045:exit
1633210714254:exch deneme
1633210718299:queue deneme
1633210721853:signin rah rah
1633210722621:bind
1633210725462:exch deneme
1633210727493:queue deneme
1633210729861:signin rah rah
1633210730717:bind
1633210733158:pub deneme
1633210736781:pub deneme
1633212473426:exit
1633212475186:exit
1633212503595:exch deneme
1633212506723:exch deneme
1633212509548:signin rah rah
1633212510345:bind
1633212514089:signin rah rah
1633212515049:bind
1633212518194:pub deneme1
1633212521194:pub deneme2
1633212527353:pub "from right"
1633212534420:pub "from left"
